[{"line":1,"elements":[{"start_timestamp":"2024-09-09T09:57:23.877Z","line":17,"name":"Search for product search in home and checkout","description":"","id":"place-order-for-products;search-for-product-search-in-home-and-checkout;;2","after":[{"result":{"duration":279403000,"status":"passed"},"match":{"location":"stepDefinitions.Hooks.AfterScenario()"}}],"type":"scenario","keyword":"Scenario Outline","steps":[{"result":{"error_message":"org.openqa.selenium.NoSuchWindowException: no such window: target window already closed\nfrom unknown error: web view not found\n  (Session info: chrome=127.0.6533.120)\nBuild info: version: '4.23.0', revision: '4df0a231af'\nSystem info: os.name: 'Windows 11', os.arch: 'amd64', os.version: '10.0', java.version: '21.0.1'\nDriver info: org.openqa.selenium.chrome.ChromeDriver\nCommand: [a984e507ab3c21e6ed23a0115a9e32a3, getTitle {}]\nCapabilities {acceptInsecureCerts: false, browserName: chrome, browserVersion: 127.0.6533.120, chrome: {chromedriverVersion: 127.0.6533.119 (bdef6783a05..., userDataDir: C:\\Users\\Harika\\AppData\\Loc...}, fedcm:accounts: true, goog:chromeOptions: {debuggerAddress: localhost:51084}, networkConnectionEnabled: false, pageLoadStrategy: normal, platformName: windows, proxy: Proxy(), se:cdp: ws://localhost:51084/devtoo..., se:cdpVersion: 127.0.6533.120, setWindowRect: true, strictFileInteractability: false, timeouts: {implicit: 0, pageLoad: 300000, script: 30000}, unhandledPromptBehavior: dismiss and notify, webauthn:extension:credBlob: true, webauthn:extension:largeBlob: true, webauthn:extension:minPinLength: true, webauthn:extension:prf: true, webauthn:virtualAuthenticators: true}\nSession ID: a984e507ab3c21e6ed23a0115a9e32a3\r\n\tat java.base/jdk.internal.reflect.DirectConstructorHandleAccessor.newInstance(DirectConstructorHandleAccessor.java:62)\r\n\tat java.base/java.lang.reflect.Constructor.newInstanceWithCaller(Constructor.java:502)\r\n\tat java.base/java.lang.reflect.Constructor.newInstance(Constructor.java:486)\r\n\tat org.openqa.selenium.remote.ErrorCodec.decode(ErrorCodec.java:167)\r\n\tat org.openqa.selenium.remote.codec.w3c.W3CHttpResponseCodec.decode(W3CHttpResponseCodec.java:138)\r\n\tat org.openqa.selenium.remote.codec.w3c.W3CHttpResponseCodec.decode(W3CHttpResponseCodec.java:50)\r\n\tat org.openqa.selenium.remote.HttpCommandExecutor.execute(HttpCommandExecutor.java:190)\r\n\tat org.openqa.selenium.remote.service.DriverCommandExecutor.invokeExecute(DriverCommandExecutor.java:216)\r\n\tat org.openqa.selenium.remote.service.DriverCommandExecutor.execute(DriverCommandExecutor.java:174)\r\n\tat org.openqa.selenium.remote.RemoteWebDriver.execute(RemoteWebDriver.java:527)\r\n\tat org.openqa.selenium.remote.RemoteWebDriver.execute(RemoteWebDriver.java:600)\r\n\tat org.openqa.selenium.remote.RemoteWebDriver.execute(RemoteWebDriver.java:604)\r\n\tat org.openqa.selenium.remote.RemoteWebDriver.getTitle(RemoteWebDriver.java:307)\r\n\tat pageObjects.LandingPage.getTitleLandingPage(LandingPage.java:35)\r\n\tat stepDefinitions.LandingPagestepDefinition.user_is_on_greenkart_landing_page(LandingPagestepDefinition.java:34)\r\n\tat ✽.user is on greenkart landing page(file:///C:/Users/Harika/eclipse-workspace/CucumberFramework24/src/test/java/features/checkoutPage.feature:5)\r\n","duration":10079801000,"status":"failed"},"line":5,"name":"user is on greenkart landing page","match":{"location":"stepDefinitions.LandingPagestepDefinition.user_is_on_greenkart_landing_page()"},"after":[{"result":{"error_message":"org.openqa.selenium.NoSuchWindowException: no such window: target window already closed\nfrom unknown error: web view not found\n  (Session info: chrome=127.0.6533.120)\nBuild info: version: '4.23.0', revision: '4df0a231af'\nSystem info: os.name: 'Windows 11', os.arch: 'amd64', os.version: '10.0', java.version: '21.0.1'\nDriver info: org.openqa.selenium.chrome.ChromeDriver\nCommand: [a984e507ab3c21e6ed23a0115a9e32a3, screenshot {}]\nCapabilities {acceptInsecureCerts: false, browserName: chrome, browserVersion: 127.0.6533.120, chrome: {chromedriverVersion: 127.0.6533.119 (bdef6783a05..., userDataDir: C:\\Users\\Harika\\AppData\\Loc...}, fedcm:accounts: true, goog:chromeOptions: {debuggerAddress: localhost:51084}, networkConnectionEnabled: false, pageLoadStrategy: normal, platformName: windows, proxy: Proxy(), se:cdp: ws://localhost:51084/devtoo..., se:cdpVersion: 127.0.6533.120, setWindowRect: true, strictFileInteractability: false, timeouts: {implicit: 0, pageLoad: 300000, script: 30000}, unhandledPromptBehavior: dismiss and notify, webauthn:extension:credBlob: true, webauthn:extension:largeBlob: true, webauthn:extension:minPinLength: true, webauthn:extension:prf: true, webauthn:virtualAuthenticators: true}\nSession ID: a984e507ab3c21e6ed23a0115a9e32a3\r\n\tat java.base/jdk.internal.reflect.DirectConstructorHandleAccessor.newInstance(DirectConstructorHandleAccessor.java:62)\r\n\tat java.base/java.lang.reflect.Constructor.newInstanceWithCaller(Constructor.java:502)\r\n\tat java.base/java.lang.reflect.Constructor.newInstance(Constructor.java:486)\r\n\tat org.openqa.selenium.remote.ErrorCodec.decode(ErrorCodec.java:167)\r\n\tat org.openqa.selenium.remote.codec.w3c.W3CHttpResponseCodec.decode(W3CHttpResponseCodec.java:138)\r\n\tat org.openqa.selenium.remote.codec.w3c.W3CHttpResponseCodec.decode(W3CHttpResponseCodec.java:50)\r\n\tat org.openqa.selenium.remote.HttpCommandExecutor.execute(HttpCommandExecutor.java:190)\r\n\tat org.openqa.selenium.remote.service.DriverCommandExecutor.invokeExecute(DriverCommandExecutor.java:216)\r\n\tat org.openqa.selenium.remote.service.DriverCommandExecutor.execute(DriverCommandExecutor.java:174)\r\n\tat org.openqa.selenium.remote.RemoteWebDriver.execute(RemoteWebDriver.java:527)\r\n\tat org.openqa.selenium.remote.RemoteWebDriver.execute(RemoteWebDriver.java:600)\r\n\tat org.openqa.selenium.remote.RemoteWebDriver.execute(RemoteWebDriver.java:604)\r\n\tat org.openqa.selenium.remote.RemoteWebDriver.getScreenshotAs(RemoteWebDriver.java:323)\r\n\tat stepDefinitions.Hooks.AddScreenshot(Hooks.java:39)\r\n","duration":16949500,"status":"failed"},"match":{"location":"stepDefinitions.Hooks.AddScreenshot(io.cucumber.java.Scenario)"}}],"keyword":"Given "},{"result":{"status":"skipped"},"line":7,"name":"user searched with shortname Tom and extracted actual  name of product","match":{"arguments":[{"val":"Tom","offset":29}],"location":"stepDefinitions.LandingPagestepDefinition.user_searched_with_shortname_and_extracted_actual_name_of_product(java.lang.String)"},"after":[{"result":{"status":"skipped"},"match":{"location":"stepDefinitions.Hooks.AddScreenshot(io.cucumber.java.Scenario)"}}],"keyword":"When "},{"result":{"duration":999000,"status":"skipped"},"line":9,"name":"Added \"3\" items of the selected product to cart","match":{"arguments":[{"val":"\"3\"","offset":6}],"location":"stepDefinitions.LandingPagestepDefinition.Added_items_product(java.lang.String)"},"after":[{"result":{"status":"skipped"},"match":{"location":"stepDefinitions.Hooks.AddScreenshot(io.cucumber.java.Scenario)"}}],"keyword":"And "},{"result":{"duration":5000200,"status":"skipped"},"line":10,"name":"User proceeds to Checkout and validate the Tom items in checkout page","match":{"arguments":[{"val":"Tom","offset":43}],"location":"stepDefinitions.CheckOutPagestepDefinition.user_proceeds_to_checkout(java.lang.String)"},"after":[{"result":{"status":"skipped"},"match":{"location":"stepDefinitions.Hooks.AddScreenshot(io.cucumber.java.Scenario)"}}],"keyword":"Then "},{"result":{"duration":997100,"status":"skipped"},"line":11,"name":"verify user has ability to enter promo code and place the order","match":{"location":"stepDefinitions.CheckOutPagestepDefinition.verify_user_has_ability_enter_promo()"},"after":[{"result":{"status":"skipped"},"match":{"location":"stepDefinitions.Hooks.AddScreenshot(io.cucumber.java.Scenario)"}}],"keyword":"And "}],"tags":[{"name":"@PlaceOrder"}]}],"name":"place order for products","description":"","id":"place-order-for-products","keyword":"Feature","uri":"file:src/test/java/features/checkoutPage.feature","tags":[]},{"line":1,"elements":[{"start_timestamp":"2024-09-09T09:57:23.878Z","line":14,"name":"Search experience for product search in home and offers page","description":"","id":"search-and-place-order-for-products;search-experience-for-product-search-in-home-and-offers-page;;2","after":[{"result":{"duration":397029600,"status":"passed"},"match":{"location":"stepDefinitions.Hooks.AfterScenario()"}}],"type":"scenario","keyword":"Scenario Outline","steps":[{"result":{"duration":5951587800,"status":"passed"},"line":5,"name":"user is on greenkart landing page","match":{"location":"stepDefinitions.LandingPagestepDefinition.user_is_on_greenkart_landing_page()"},"after":[{"result":{"duration":4984700,"status":"passed"},"match":{"location":"stepDefinitions.Hooks.AddScreenshot(io.cucumber.java.Scenario)"}}],"keyword":"Given "},{"result":{"duration":2369966400,"status":"passed"},"line":7,"name":"user searched with shortname Tom and extracted actual  name of product","match":{"arguments":[{"val":"Tom","offset":29}],"location":"stepDefinitions.LandingPagestepDefinition.user_searched_with_shortname_and_extracted_actual_name_of_product(java.lang.String)"},"after":[{"result":{"duration":995600,"status":"passed"},"match":{"location":"stepDefinitions.Hooks.AddScreenshot(io.cucumber.java.Scenario)"}}],"keyword":"When "},{"result":{"error_message":"org.openqa.selenium.NoSuchElementException: Unable to find element with locator By.xpath: //input[@type='search']\nFor documentation on this error, please visit: https://www.selenium.dev/documentation/webdriver/troubleshooting/errors#no-such-element-exception\nBuild info: version: '4.23.0', revision: '4df0a231af'\nSystem info: os.name: 'Windows 11', os.arch: 'amd64', os.version: '10.0', java.version: '21.0.1'\nDriver info: driver.version: RemoteWebDriver\r\n\tat org.openqa.selenium.remote.ElementLocation$ElementFinder$2.findElement(ElementLocation.java:168)\r\n\tat org.openqa.selenium.remote.ElementLocation.findElement(ElementLocation.java:59)\r\n\tat org.openqa.selenium.remote.RemoteWebDriver.findElement(RemoteWebDriver.java:357)\r\n\tat org.openqa.selenium.remote.RemoteWebDriver.findElement(RemoteWebDriver.java:351)\r\n\tat pageObjects.OffersPage.searchItem(OffersPage.java:18)\r\n\tat stepDefinitions.OfferPagestepDefinition.user_searched_with_same_shortname_in_offers_page(OfferPagestepDefinition.java:31)\r\n\tat ✽.user searched with same shortname Tom in offers page(file:///C:/Users/Harika/eclipse-workspace/CucumberFramework24/src/test/java/features/searchProduct.feature:8)\r\n","duration":403104000,"status":"failed"},"line":8,"name":"user searched with same shortname Tom in offers page","match":{"arguments":[{"val":"Tom","offset":34}],"location":"stepDefinitions.OfferPagestepDefinition.user_searched_with_same_shortname_in_offers_page(java.lang.String)"},"after":[{"result":{"error_message":"org.openqa.selenium.NoSuchWindowException: no such window: target window already closed\nfrom unknown error: web view not found\n  (Session info: chrome=127.0.6533.120)\nBuild info: version: '4.23.0', revision: '4df0a231af'\nSystem info: os.name: 'Windows 11', os.arch: 'amd64', os.version: '10.0', java.version: '21.0.1'\nDriver info: org.openqa.selenium.chrome.ChromeDriver\nCommand: [4d22e70ec33faa37bc27219688fde83d, screenshot {}]\nCapabilities {acceptInsecureCerts: false, browserName: chrome, browserVersion: 127.0.6533.120, chrome: {chromedriverVersion: 127.0.6533.119 (bdef6783a05..., userDataDir: C:\\Users\\Harika\\AppData\\Loc...}, fedcm:accounts: true, goog:chromeOptions: {debuggerAddress: localhost:51086}, networkConnectionEnabled: false, pageLoadStrategy: normal, platformName: windows, proxy: Proxy(), se:cdp: ws://localhost:51086/devtoo..., se:cdpVersion: 127.0.6533.120, setWindowRect: true, strictFileInteractability: false, timeouts: {implicit: 0, pageLoad: 300000, script: 30000}, unhandledPromptBehavior: dismiss and notify, webauthn:extension:credBlob: true, webauthn:extension:largeBlob: true, webauthn:extension:minPinLength: true, webauthn:extension:prf: true, webauthn:virtualAuthenticators: true}\nSession ID: 4d22e70ec33faa37bc27219688fde83d\r\n\tat java.base/jdk.internal.reflect.DirectConstructorHandleAccessor.newInstance(DirectConstructorHandleAccessor.java:62)\r\n\tat java.base/java.lang.reflect.Constructor.newInstanceWithCaller(Constructor.java:502)\r\n\tat java.base/java.lang.reflect.Constructor.newInstance(Constructor.java:486)\r\n\tat org.openqa.selenium.remote.ErrorCodec.decode(ErrorCodec.java:167)\r\n\tat org.openqa.selenium.remote.codec.w3c.W3CHttpResponseCodec.decode(W3CHttpResponseCodec.java:138)\r\n\tat org.openqa.selenium.remote.codec.w3c.W3CHttpResponseCodec.decode(W3CHttpResponseCodec.java:50)\r\n\tat org.openqa.selenium.remote.HttpCommandExecutor.execute(HttpCommandExecutor.java:190)\r\n\tat org.openqa.selenium.remote.service.DriverCommandExecutor.invokeExecute(DriverCommandExecutor.java:216)\r\n\tat org.openqa.selenium.remote.service.DriverCommandExecutor.execute(DriverCommandExecutor.java:174)\r\n\tat org.openqa.selenium.remote.RemoteWebDriver.execute(RemoteWebDriver.java:527)\r\n\tat org.openqa.selenium.remote.RemoteWebDriver.execute(RemoteWebDriver.java:600)\r\n\tat org.openqa.selenium.remote.RemoteWebDriver.execute(RemoteWebDriver.java:604)\r\n\tat org.openqa.selenium.remote.RemoteWebDriver.getScreenshotAs(RemoteWebDriver.java:323)\r\n\tat stepDefinitions.Hooks.AddScreenshot(Hooks.java:39)\r\n","duration":29434800,"status":"failed"},"match":{"location":"stepDefinitions.Hooks.AddScreenshot(io.cucumber.java.Scenario)"}}],"keyword":"Then "},{"result":{"duration":996700,"status":"skipped"},"line":10,"name":"validate the product name in offers page  matches  with landing page","match":{"location":"stepDefinitions.OfferPagestepDefinition.validate_the_product_name_in_offers_page_matches_with_landing_page()"},"after":[{"result":{"duration":996500,"status":"skipped"},"match":{"location":"stepDefinitions.Hooks.AddScreenshot(io.cucumber.java.Scenario)"}}],"keyword":"Then "}],"tags":[{"name":"@OffersPage"}]},{"start_timestamp":"2024-09-09T09:57:23.876Z","line":15,"name":"Search experience for product search in home and offers page","description":"","id":"search-and-place-order-for-products;search-experience-for-product-search-in-home-and-offers-page;;3","after":[{"result":{"duration":252381300,"status":"passed"},"match":{"location":"stepDefinitions.Hooks.AfterScenario()"}}],"type":"scenario","keyword":"Scenario Outline","steps":[{"result":{"duration":6643944000,"status":"passed"},"line":5,"name":"user is on greenkart landing page","match":{"location":"stepDefinitions.LandingPagestepDefinition.user_is_on_greenkart_landing_page()"},"after":[{"result":{"duration":1993300,"status":"passed"},"match":{"location":"stepDefinitions.Hooks.AddScreenshot(io.cucumber.java.Scenario)"}}],"keyword":"Given "},{"result":{"error_message":"org.openqa.selenium.NoSuchWindowException: no such window: target window already closed\nfrom unknown error: web view not found\n  (Session info: chrome=127.0.6533.120)\nBuild info: version: '4.23.0', revision: '4df0a231af'\nSystem info: os.name: 'Windows 11', os.arch: 'amd64', os.version: '10.0', java.version: '21.0.1'\nDriver info: org.openqa.selenium.chrome.ChromeDriver\nCommand: [db6bb29da49b806c76fc6781f0838ec1, findElement {value=h4.product-name, using=css selector}]\nCapabilities {acceptInsecureCerts: false, browserName: chrome, browserVersion: 127.0.6533.120, chrome: {chromedriverVersion: 127.0.6533.119 (bdef6783a05..., userDataDir: C:\\Users\\Harika\\AppData\\Loc...}, fedcm:accounts: true, goog:chromeOptions: {debuggerAddress: localhost:51085}, networkConnectionEnabled: false, pageLoadStrategy: normal, platformName: windows, proxy: Proxy(), se:cdp: ws://localhost:51085/devtoo..., se:cdpVersion: 127.0.6533.120, setWindowRect: true, strictFileInteractability: false, timeouts: {implicit: 0, pageLoad: 300000, script: 30000}, unhandledPromptBehavior: dismiss and notify, webauthn:extension:credBlob: true, webauthn:extension:largeBlob: true, webauthn:extension:minPinLength: true, webauthn:extension:prf: true, webauthn:virtualAuthenticators: true}\nSession ID: db6bb29da49b806c76fc6781f0838ec1\r\n\tat java.base/jdk.internal.reflect.DirectConstructorHandleAccessor.newInstance(DirectConstructorHandleAccessor.java:62)\r\n\tat java.base/java.lang.reflect.Constructor.newInstanceWithCaller(Constructor.java:502)\r\n\tat java.base/java.lang.reflect.Constructor.newInstance(Constructor.java:486)\r\n\tat org.openqa.selenium.remote.ErrorCodec.decode(ErrorCodec.java:167)\r\n\tat org.openqa.selenium.remote.codec.w3c.W3CHttpResponseCodec.decode(W3CHttpResponseCodec.java:138)\r\n\tat org.openqa.selenium.remote.codec.w3c.W3CHttpResponseCodec.decode(W3CHttpResponseCodec.java:50)\r\n\tat org.openqa.selenium.remote.HttpCommandExecutor.execute(HttpCommandExecutor.java:190)\r\n\tat org.openqa.selenium.remote.service.DriverCommandExecutor.invokeExecute(DriverCommandExecutor.java:216)\r\n\tat org.openqa.selenium.remote.service.DriverCommandExecutor.execute(DriverCommandExecutor.java:174)\r\n\tat org.openqa.selenium.remote.RemoteWebDriver.execute(RemoteWebDriver.java:527)\r\n\tat org.openqa.selenium.remote.ElementLocation$ElementFinder$2.findElement(ElementLocation.java:165)\r\n\tat org.openqa.selenium.remote.ElementLocation.findElement(ElementLocation.java:59)\r\n\tat org.openqa.selenium.remote.RemoteWebDriver.findElement(RemoteWebDriver.java:357)\r\n\tat org.openqa.selenium.remote.RemoteWebDriver.findElement(RemoteWebDriver.java:351)\r\n\tat pageObjects.LandingPage.getProductName(LandingPage.java:27)\r\n\tat stepDefinitions.LandingPagestepDefinition.user_searched_with_shortname_and_extracted_actual_name_of_product(LandingPagestepDefinition.java:51)\r\n\tat ✽.user searched with shortname Beet and extracted actual  name of product(file:///C:/Users/Harika/eclipse-workspace/CucumberFramework24/src/test/java/features/searchProduct.feature:7)\r\n","duration":2247901500,"status":"failed"},"line":7,"name":"user searched with shortname Beet and extracted actual  name of product","match":{"arguments":[{"val":"Beet","offset":29}],"location":"stepDefinitions.LandingPagestepDefinition.user_searched_with_shortname_and_extracted_actual_name_of_product(java.lang.String)"},"after":[{"result":{"error_message":"org.openqa.selenium.NoSuchWindowException: no such window: target window already closed\nfrom unknown error: web view not found\n  (Session info: chrome=127.0.6533.120)\nBuild info: version: '4.23.0', revision: '4df0a231af'\nSystem info: os.name: 'Windows 11', os.arch: 'amd64', os.version: '10.0', java.version: '21.0.1'\nDriver info: org.openqa.selenium.chrome.ChromeDriver\nCommand: [db6bb29da49b806c76fc6781f0838ec1, screenshot {}]\nCapabilities {acceptInsecureCerts: false, browserName: chrome, browserVersion: 127.0.6533.120, chrome: {chromedriverVersion: 127.0.6533.119 (bdef6783a05..., userDataDir: C:\\Users\\Harika\\AppData\\Loc...}, fedcm:accounts: true, goog:chromeOptions: {debuggerAddress: localhost:51085}, networkConnectionEnabled: false, pageLoadStrategy: normal, platformName: windows, proxy: Proxy(), se:cdp: ws://localhost:51085/devtoo..., se:cdpVersion: 127.0.6533.120, setWindowRect: true, strictFileInteractability: false, timeouts: {implicit: 0, pageLoad: 300000, script: 30000}, unhandledPromptBehavior: dismiss and notify, webauthn:extension:credBlob: true, webauthn:extension:largeBlob: true, webauthn:extension:minPinLength: true, webauthn:extension:prf: true, webauthn:virtualAuthenticators: true}\nSession ID: db6bb29da49b806c76fc6781f0838ec1\r\n\tat java.base/jdk.internal.reflect.DirectConstructorHandleAccessor.newInstance(DirectConstructorHandleAccessor.java:62)\r\n\tat java.base/java.lang.reflect.Constructor.newInstanceWithCaller(Constructor.java:502)\r\n\tat java.base/java.lang.reflect.Constructor.newInstance(Constructor.java:486)\r\n\tat org.openqa.selenium.remote.ErrorCodec.decode(ErrorCodec.java:167)\r\n\tat org.openqa.selenium.remote.codec.w3c.W3CHttpResponseCodec.decode(W3CHttpResponseCodec.java:138)\r\n\tat org.openqa.selenium.remote.codec.w3c.W3CHttpResponseCodec.decode(W3CHttpResponseCodec.java:50)\r\n\tat org.openqa.selenium.remote.HttpCommandExecutor.execute(HttpCommandExecutor.java:190)\r\n\tat org.openqa.selenium.remote.service.DriverCommandExecutor.invokeExecute(DriverCommandExecutor.java:216)\r\n\tat org.openqa.selenium.remote.service.DriverCommandExecutor.execute(DriverCommandExecutor.java:174)\r\n\tat org.openqa.selenium.remote.RemoteWebDriver.execute(RemoteWebDriver.java:527)\r\n\tat org.openqa.selenium.remote.RemoteWebDriver.execute(RemoteWebDriver.java:600)\r\n\tat org.openqa.selenium.remote.RemoteWebDriver.execute(RemoteWebDriver.java:604)\r\n\tat org.openqa.selenium.remote.RemoteWebDriver.getScreenshotAs(RemoteWebDriver.java:323)\r\n\tat stepDefinitions.Hooks.AddScreenshot(Hooks.java:39)\r\n","duration":10970400,"status":"failed"},"match":{"location":"stepDefinitions.Hooks.AddScreenshot(io.cucumber.java.Scenario)"}}],"keyword":"When "},{"result":{"duration":1992900,"status":"skipped"},"line":8,"name":"user searched with same shortname Beet in offers page","match":{"arguments":[{"val":"Beet","offset":34}],"location":"stepDefinitions.OfferPagestepDefinition.user_searched_with_same_shortname_in_offers_page(java.lang.String)"},"after":[{"result":{"status":"skipped"},"match":{"location":"stepDefinitions.Hooks.AddScreenshot(io.cucumber.java.Scenario)"}}],"keyword":"Then "},{"result":{"duration":986500,"status":"skipped"},"line":10,"name":"validate the product name in offers page  matches  with landing page","match":{"location":"stepDefinitions.OfferPagestepDefinition.validate_the_product_name_in_offers_page_matches_with_landing_page()"},"after":[{"result":{"status":"skipped"},"match":{"location":"stepDefinitions.Hooks.AddScreenshot(io.cucumber.java.Scenario)"}}],"keyword":"Then "}],"tags":[{"name":"@OffersPage"}]}],"name":"search and place order for products","description":"","id":"search-and-place-order-for-products","keyword":"Feature","uri":"file:src/test/java/features/searchProduct.feature","tags":[]}]